#
# There is insufficient memory for the Java Runtime Environment to continue.
# Native memory allocation (malloc) failed to allocate 32744 bytes for ChunkPool::allocate
# Possible reasons:
#   The system is out of physical RAM or swap space
#   The process is running with CompressedOops enabled, and the Java Heap may be blocking the growth of the native heap
# Possible solutions:
#   Reduce memory load on the system
#   Increase physical memory or swap space
#   Check if swap backing store is full
#   Decrease Java heap size (-Xmx/-Xms)
#   Decrease number of Java threads
#   Decrease Java thread stack sizes (-Xss)
#   Set larger code cache with -XX:ReservedCodeCacheSize=
#   JVM is running with Zero Based Compressed Oops mode in which the Java heap is
#     placed in the first 32GB address space. The Java Heap base address is the
#     maximum limit for the native heap growth. Please use -XX:HeapBaseMinAddress
#     to set the Java Heap base and to place the Java Heap above 32GB virtual address.
# This output file may be truncated or incomplete.
#
#  Out of Memory Error (allocation.cpp:272), pid=49376, tid=0x0000000000005fb8
#
# JRE version: Java(TM) SE Runtime Environment (8.0_481) (build 1.8.0_481-b10)
# Java VM: Java HotSpot(TM) 64-Bit Server VM (25.481-b10 mixed mode windows-amd64 compressed oops)
# Failed to write core dump. Minidumps are not enabled by default on client versions of Windows
#

---------------  T H R E A D  ---------------

Current thread (0x0000025551e92800):  JavaThread "C1 CompilerThread8" daemon [_thread_in_native, id=24504, stack(0x000000e4d9400000,0x000000e4d9500000)]

Stack: [0x000000e4d9400000,0x000000e4d9500000]
Native frames: (J=compiled Java code, j=interpreted, Vv=VM code, C=native code)
V  [jvm.dll+0x34bcb9]


Current CompileTask:
C1:    328  502       3       java.net.URLStreamHandler::parseURL (1193 bytes)


---------------  P R O C E S S  ---------------

Java Threads: ( => current thread )
  0x00000255576c8800 JavaThread "Direct Clip" daemon [_thread_blocked, id=71444, stack(0x000000e4da600000,0x000000e4da700000)]
  0x0000025553e62800 JavaThread "Direct Clip" daemon [_thread_blocked, id=61660, stack(0x000000e4da500000,0x000000e4da600000)]
  0x0000025553e5f000 JavaThread "Direct Clip" daemon [_thread_blocked, id=66048, stack(0x000000e4da400000,0x000000e4da500000)]
  0x0000025553e46000 JavaThread "Direct Clip" daemon [_thread_blocked, id=12636, stack(0x000000e4da300000,0x000000e4da400000)]
  0x0000025553e0f800 JavaThread "Direct Clip" daemon [_thread_blocked, id=21064, stack(0x000000e4da200000,0x000000e4da300000)]
  0x0000025553e36800 JavaThread "Direct Clip" daemon [_thread_blocked, id=17276, stack(0x000000e4da100000,0x000000e4da200000)]
  0x0000025553d8f800 JavaThread "Direct Clip" daemon [_thread_blocked, id=23292, stack(0x000000e4da000000,0x000000e4da100000)]
  0x0000025553e11800 JavaThread "Java Sound Event Dispatcher" daemon [_thread_blocked, id=52872, stack(0x000000e4d9c00000,0x000000e4d9d00000)]
  0x0000025551f2f000 JavaThread "Service Thread" daemon [_thread_blocked, id=44976, stack(0x000000e4d9800000,0x000000e4d9900000)]
  0x0000025551eb3800 JavaThread "C1 CompilerThread11" daemon [_thread_in_native, id=70100, stack(0x000000e4d9700000,0x000000e4d9800000)]
  0x0000025551eb6800 JavaThread "C1 CompilerThread10" daemon [_thread_blocked, id=69260, stack(0x000000e4d9600000,0x000000e4d9700000)]
  0x0000025551eb6000 JavaThread "C1 CompilerThread9" daemon [_thread_in_native, id=63896, stack(0x000000e4d9500000,0x000000e4d9600000)]
=>0x0000025551e92800 JavaThread "C1 CompilerThread8" daemon [_thread_in_native, id=24504, stack(0x000000e4d9400000,0x000000e4d9500000)]
  0x0000025551e76800 JavaThread "C2 CompilerThread7" daemon [_thread_blocked, id=62480, stack(0x000000e4d9300000,0x000000e4d9400000)]
  0x0000025551e50800 JavaThread "C2 CompilerThread6" daemon [_thread_blocked, id=54768, stack(0x000000e4d9200000,0x000000e4d9300000)]
  0x0000025551e46800 JavaThread "C2 CompilerThread5" daemon [_thread_in_native, id=39380, stack(0x000000e4d9100000,0x000000e4d9200000)]
  0x0000025551e44000 JavaThread "C2 CompilerThread4" daemon [_thread_blocked, id=71692, stack(0x000000e4d9000000,0x000000e4d9100000)]
  0x0000025551e36000 JavaThread "C2 CompilerThread3" daemon [_thread_in_native, id=60780, stack(0x000000e4d8f00000,0x000000e4d9000000)]
  0x0000025551e2f800 JavaThread "C2 CompilerThread2" daemon [_thread_blocked, id=9012, stack(0x000000e4d8e00000,0x000000e4d8f00000)]
  0x0000025551e2f000 JavaThread "C2 CompilerThread1" daemon [_thread_in_native, id=10992, stack(0x000000e4d8d00000,0x000000e4d8e00000)]
  0x0000025551e29000 JavaThread "C2 CompilerThread0" daemon [_thread_in_vm, id=58908, stack(0x000000e4d8c00000,0x000000e4d8d00000)]
  0x0000025551e27000 JavaThread "Attach Listener" daemon [_thread_blocked, id=74612, stack(0x000000e4d8b00000,0x000000e4d8c00000)]
  0x0000025551e26800 JavaThread "Signal Dispatcher" daemon [_thread_blocked, id=26024, stack(0x000000e4d8a00000,0x000000e4d8b00000)]
  0x000002554fe8e800 JavaThread "Finalizer" daemon [_thread_blocked, id=27684, stack(0x000000e4d8900000,0x000000e4d8a00000)]
  0x000002554fe8d800 JavaThread "Reference Handler" daemon [_thread_blocked, id=56536, stack(0x000000e4d8800000,0x000000e4d8900000)]
  0x0000025534f0e800 JavaThread "main" [_thread_in_Java, id=63996, stack(0x000000e4d7700000,0x000000e4d7800000)]

Other Threads:
  0x0000025551df3800 VMThread [stack: 0x000000e4d8700000,0x000000e4d8800000] [id=41108]
  0x000002555201f800 WatcherThread [stack: 0x000000e4d9900000,0x000000e4d9a00000] [id=50260]

VM state:not at safepoint (normal execution)

VM Mutex/Monitor currently owned by a thread: None

heap address: 0x00000006c1800000, size: 4072 MB, Compressed Oops mode: Zero based, Oop shift amount: 3
Narrow klass base: 0x0000000000000000, Narrow klass shift: 3
Compressed class space size: 1073741824 Address: 0x00000007c0000000

Heap:
 PSYoungGen      total 76288K, used 17113K [0x000000076b300000, 0x0000000770800000, 0x00000007c0000000)
  eden space 65536K, 26% used [0x000000076b300000,0x000000076c3b6568,0x000000076f300000)
  from space 10752K, 0% used [0x000000076fd80000,0x000000076fd80000,0x0000000770800000)
  to   space 10752K, 0% used [0x000000076f300000,0x000000076f300000,0x000000076fd80000)
 ParOldGen       total 175104K, used 0K [0x00000006c1800000, 0x00000006cc300000, 0x000000076b300000)
  object space 175104K, 0% used [0x00000006c1800000,0x00000006c1800000,0x00000006cc300000)
 Metaspace       used 4373K, capacity 4790K, committed 4992K, reserved 1056768K
  class space    used 499K, capacity 537K, committed 640K, reserved 1048576K

Card table byte_map: [0x0000025545cc0000,0x00000255464c0000] byte_map_base: 0x00000255426b4000

Marking Bits: (ParMarkBitMap*) 0x00007ffaf9a6a3e0
 Begin Bits: [0x0000025546a10000, 0x000002554a9b0000)
 End Bits:   [0x000002554a9b0000, 0x000002554e950000)

Polling page: 0x0000025534e70000

CodeCache: size=245760Kb used=3992Kb max_used=3997Kb free=241767Kb
 bounds [0x0000025536900000, 0x0000025536cf0000, 0x0000025545900000]
 total_blobs=785 nmethods=500 adapters=195
 compilation: enabled

Compilation events (10 events):
Event: 0.324 Thread 0x0000025551eb6000  498       3       java.nio.Buffer::flip (20 bytes)
Event: 0.324 Thread 0x0000025551eb6000 nmethod 498 0x0000025536ce4890 code [0x0000025536ce49e0, 0x0000025536ce4b58]
Event: 0.325 Thread 0x0000025551e29000 nmethod 494 0x0000025536ce7c10 code [0x0000025536ce7d60, 0x0000025536ce8198]
Event: 0.325 Thread 0x0000025551e36000  499       4       java.io.WinNTFileSystem::normalize (143 bytes)
Event: 0.326 Thread 0x0000025551eb3800  500       3       java.util.zip.ZipEntry::<init> (146 bytes)
Event: 0.326 Thread 0x0000025551eb6800  501       3       sun.net.www.protocol.file.Handler::parseURL (18 bytes)
Event: 0.326 Thread 0x0000025551e92800  502       3       java.net.URLStreamHandler::parseURL (1193 bytes)
Event: 0.326 Thread 0x0000025551eb3800 nmethod 500 0x0000025536ce7490 code [0x0000025536ce7620, 0x0000025536ce7a70]
Event: 0.326 Thread 0x0000025551eb6800 nmethod 501 0x0000025536ce6f90 code [0x0000025536ce7100, 0x0000025536ce7380]
Event: 0.326 Thread 0x0000025551e2f000  503  s    4       sun.misc.URLClassPath::getNextLoader (88 bytes)

GC Heap History (0 events):
No events

Deoptimization events (3 events):
Event: 0.069 Thread 0x0000025534f0e800 Uncommon trap: reason=unstable_if action=reinterpret pc=0x0000025536bbb120 method=java.lang.String.hashCode()I @ 14
Event: 0.154 Thread 0x0000025534f0e800 Uncommon trap: reason=loop_limit_check action=maybe_recompile pc=0x0000025536beb79c method=java.lang.String.equals(Ljava/lang/Object;)Z @ 56
Event: 0.292 Thread 0x0000025534f0e800 Uncommon trap: reason=loop_limit_check action=maybe_recompile pc=0x0000025536cc11f0 method=java.lang.String.indexOf([CII[CIII)I @ 79

Classes redefined (0 events):
No events

Internal exceptions (6 events):
Event: 0.020 Thread 0x0000025534f0e800 Exception <a 'java/lang/NoSuchMethodError': Method sun.misc.Unsafe.defineClass(Ljava/lang/String;[BII)Ljava/lang/Class; name or signature does not match> (0x000000076b307ce0) thrown at [C:\jenkins\workspace\8-2-build-windows-x64-cygwin-sans-NAS\jdk8u481\2
Event: 0.020 Thread 0x0000025534f0e800 Exception <a 'java/lang/NoSuchMethodError': Method sun.misc.Unsafe.prefetchRead(Ljava/lang/Object;J)V name or signature does not match> (0x000000076b307fc8) thrown at [C:\jenkins\workspace\8-2-build-windows-x64-cygwin-sans-NAS\jdk8u481\2490\hotspot\src\sh
Event: 0.075 Thread 0x0000025534f0e800 Exception <a 'java/security/PrivilegedActionException'> (0x000000076b5a2a08) thrown at [C:\jenkins\workspace\8-2-build-windows-x64-cygwin-sans-NAS\jdk8u481\2490\hotspot\src\share\vm\prims\jvm.cpp, line 1513]
Event: 0.075 Thread 0x0000025534f0e800 Exception <a 'java/security/PrivilegedActionException'> (0x000000076b5a2c18) thrown at [C:\jenkins\workspace\8-2-build-windows-x64-cygwin-sans-NAS\jdk8u481\2490\hotspot\src\share\vm\prims\jvm.cpp, line 1513]
Event: 0.146 Thread 0x0000025534f0e800 Exception <a 'java/lang/NoSuchFieldError': method resolution failed> (0x000000076bf58018) thrown at [C:\jenkins\workspace\8-2-build-windows-x64-cygwin-sans-NAS\jdk8u481\2490\hotspot\src\share\vm\prims\methodHandles.cpp, line 1184]
Event: 0.147 Thread 0x0000025534f0e800 Exception <a 'java/lang/NoSuchFieldError': method resolution failed> (0x000000076bf65bc0) thrown at [C:\jenkins\workspace\8-2-build-windows-x64-cygwin-sans-NAS\jdk8u481\2490\hotspot\src\share\vm\prims\methodHandles.cpp, line 1184]

Events (10 events):
Event: 0.322 loading class sun/misc/FDBigInteger
Event: 0.322 loading class sun/misc/FDBigInteger done
Event: 0.322 loading class java/lang/Throwable$WrappedPrintStream
Event: 0.322 loading class java/lang/Throwable$PrintStreamOrWriter
Event: 0.322 loading class java/lang/Throwable$PrintStreamOrWriter done
Event: 0.322 loading class java/lang/Throwable$WrappedPrintStream done
Event: 0.322 loading class java/util/IdentityHashMap
Event: 0.322 loading class java/util/IdentityHashMap done
Event: 0.322 loading class java/util/IdentityHashMap$KeySet
Event: 0.322 loading class java/util/IdentityHashMap$KeySet done


Dynamic libraries:
0x00007ff6517f0000 - 0x00007ff65183f000 	C:\Program Files\Java\jre1.8.0_481\bin\javaw.exe
0x00007ffb4e550000 - 0x00007ffb4e748000 	C:\WINDOWS\SYSTEM32\ntdll.dll
0x00007ffb4e130000 - 0x00007ffb4e1f2000 	C:\WINDOWS\System32\KERNEL32.DLL
0x00007ffb4bc10000 - 0x00007ffb4bf06000 	C:\WINDOWS\System32\KERNELBASE.dll
0x00007ffb4c570000 - 0x00007ffb4c621000 	C:\WINDOWS\System32\ADVAPI32.dll
0x00007ffb4dd90000 - 0x00007ffb4de2e000 	C:\WINDOWS\System32\msvcrt.dll
0x00007ffb4cf60000 - 0x00007ffb4cfff000 	C:\WINDOWS\System32\sechost.dll
0x00007ffb4e340000 - 0x00007ffb4e460000 	C:\WINDOWS\System32\RPCRT4.dll
0x00007ffb4bfb0000 - 0x00007ffb4bfd7000 	C:\WINDOWS\System32\bcrypt.dll
0x00007ffb4d000000 - 0x00007ffb4d1a1000 	C:\WINDOWS\System32\USER32.dll
0x00007ffb4bbe0000 - 0x00007ffb4bc02000 	C:\WINDOWS\System32\win32u.dll
0x00007ffb4cec0000 - 0x00007ffb4ceeb000 	C:\WINDOWS\System32\GDI32.dll
0x00007ffb4c090000 - 0x00007ffb4c1a9000 	C:\WINDOWS\System32\gdi32full.dll
0x00007ffb4bf10000 - 0x00007ffb4bfad000 	C:\WINDOWS\System32\msvcp_win.dll
0x00007ffb4c240000 - 0x00007ffb4c340000 	C:\WINDOWS\System32\ucrtbase.dll
0x00007ffb37210000 - 0x00007ffb374ab000 	C:\WINDOWS\WinSxS\amd64_microsoft.windows.common-controls_6595b64144ccf1df_6.0.19041.6456_none_60b8a6cb71f64256\COMCTL32.dll
0x00007ffb4e460000 - 0x00007ffb4e48f000 	C:\WINDOWS\System32\IMM32.DLL
0x00007ffb43250000 - 0x00007ffb4326b000 	C:\Program Files\Java\jre1.8.0_481\bin\vcruntime140.dll
0x00007ffb41830000 - 0x00007ffb4183c000 	C:\Program Files\Java\jre1.8.0_481\bin\vcruntime140_1.dll
0x00007ffb2c5e0000 - 0x00007ffb2c66e000 	C:\Program Files\Java\jre1.8.0_481\bin\msvcp140.dll
0x00007ffaf9290000 - 0x00007ffaf9b3a000 	C:\Program Files\Java\jre1.8.0_481\bin\server\jvm.dll
0x00007ffb4e500000 - 0x00007ffb4e508000 	C:\WINDOWS\System32\PSAPI.DLL
0x00007ffb43240000 - 0x00007ffb43249000 	C:\WINDOWS\SYSTEM32\WSOCK32.dll
0x00007ffb3bdf0000 - 0x00007ffb3be17000 	C:\WINDOWS\SYSTEM32\WINMM.dll
0x00007ffb44420000 - 0x00007ffb4442a000 	C:\WINDOWS\SYSTEM32\VERSION.dll
0x00007ffb4e200000 - 0x00007ffb4e26b000 	C:\WINDOWS\System32\WS2_32.dll
0x00007ffb4a410000 - 0x00007ffb4a422000 	C:\WINDOWS\SYSTEM32\kernel.appcore.dll
0x00007ffb41820000 - 0x00007ffb41830000 	C:\Program Files\Java\jre1.8.0_481\bin\verify.dll
0x00007ffb41560000 - 0x00007ffb4158b000 	C:\Program Files\Java\jre1.8.0_481\bin\java.dll
0x00007ffb414e0000 - 0x00007ffb414f8000 	C:\Program Files\Java\jre1.8.0_481\bin\zip.dll
0x00007ffb4c630000 - 0x00007ffb4cda0000 	C:\WINDOWS\System32\SHELL32.dll
0x00007ffb49c20000 - 0x00007ffb4a3c5000 	C:\WINDOWS\SYSTEM32\windows.storage.dll
0x00007ffb4d310000 - 0x00007ffb4d664000 	C:\WINDOWS\System32\combase.dll
0x00007ffb4b610000 - 0x00007ffb4b63b000 	C:\WINDOWS\SYSTEM32\Wldp.dll
0x00007ffb4e270000 - 0x00007ffb4e33d000 	C:\WINDOWS\System32\OLEAUT32.dll
0x00007ffb4d260000 - 0x00007ffb4d30d000 	C:\WINDOWS\System32\SHCORE.dll
0x00007ffb4dc50000 - 0x00007ffb4dcab000 	C:\WINDOWS\System32\shlwapi.dll
0x00007ffb4bb10000 - 0x00007ffb4bb34000 	C:\WINDOWS\SYSTEM32\profapi.dll
0x00007ffb415c0000 - 0x00007ffb415cd000 	C:\Program Files\Java\jre1.8.0_481\bin\jsound.dll
0x00007ffb41550000 - 0x00007ffb4155d000 	C:\Program Files\Java\jre1.8.0_481\bin\jsoundds.dll
0x00007ffb4e000000 - 0x00007ffb4e12b000 	C:\WINDOWS\System32\ole32.dll
0x00007ffb0afa0000 - 0x00007ffb0b03c000 	C:\WINDOWS\SYSTEM32\DSOUND.dll
0x00007ffb4b3f0000 - 0x00007ffb4b43b000 	C:\WINDOWS\SYSTEM32\powrprof.dll
0x00007ffb2f780000 - 0x00007ffb2f7a6000 	C:\WINDOWS\SYSTEM32\winmmbase.dll
0x00007ffb4b390000 - 0x00007ffb4b3a2000 	C:\WINDOWS\SYSTEM32\UMPDC.dll
0x00007ffb4c1b0000 - 0x00007ffb4c232000 	C:\WINDOWS\System32\bcryptPrimitives.dll
0x00007ffb49200000 - 0x00007ffb4929e000 	C:\WINDOWS\system32\uxtheme.dll
0x00007ffb45ab0000 - 0x00007ffb45b35000 	C:\WINDOWS\SYSTEM32\MMDevAPI.DLL
0x00007ffb4b970000 - 0x00007ffb4b9a3000 	C:\WINDOWS\SYSTEM32\DEVOBJ.dll
0x00007ffb4c340000 - 0x00007ffb4c38e000 	C:\WINDOWS\System32\cfgmgr32.dll
0x00007ffb352d0000 - 0x00007ffb35316000 	C:\WINDOWS\SYSTEM32\wdmaud.drv
0x00007ffb3baf0000 - 0x00007ffb3baf9000 	C:\WINDOWS\SYSTEM32\ksuser.dll
0x00007ffb45280000 - 0x00007ffb4528a000 	C:\WINDOWS\SYSTEM32\AVRT.dll
0x00007ffb45db0000 - 0x00007ffb45f31000 	C:\WINDOWS\SYSTEM32\AUDIOSES.DLL
0x00007ffb3b920000 - 0x00007ffb3b92d000 	C:\WINDOWS\SYSTEM32\msacm32.drv
0x00007ffb1fb10000 - 0x00007ffb1fb2e000 	C:\WINDOWS\SYSTEM32\MSACM32.dll
0x00007ffb3b6d0000 - 0x00007ffb3b6db000 	C:\WINDOWS\SYSTEM32\midimap.dll
0x00007ffb4d1b0000 - 0x00007ffb4d259000 	C:\WINDOWS\System32\clbcatq.dll
0x00007ffb492f0000 - 0x00007ffb49304000 	C:\WINDOWS\SYSTEM32\resourcepolicyclient.dll

VM Arguments:
jvm_args: -Dfile.encoding=UTF-8 -Dstdout.encoding=UTF-8 -Dstderr.encoding=UTF-8 
java_command: robatortas.code.files.project.MainApp
java_class_path (initial): C:\Users\robat\Documents\Programming\Other-Words-for-Alone-Retro-Edition\bin;C:\Users\robat\Documents\Programming\Other-Words-for-Alone-Retro-Edition\res;C:\Users\robat\Documents\Programming\Other-Words-for-Alone-Retro-Edition\discord-files\discord-game-sdk4j-0.5.5.jar;C:\Users\robat\Documents\Programming\Other-Words-for-Alone-Retro-Edition\dependencies\lwjgl.jar;C:\Users\robat\Documents\Programming\Other-Words-for-Alone-Retro-Edition\dependencies\lwjgl-assimp.jar;C:\Users\robat\Documents\Programming\Other-Words-for-Alone-Retro-Edition\dependencies\lwjgl-assimp-javadoc.jar;C:\Users\robat\Documents\Programming\Other-Words-for-Alone-Retro-Edition\dependencies\lwjgl-assimp-natives-windows.jar;C:\Users\robat\Documents\Programming\Other-Words-for-Alone-Retro-Edition\dependencies\lwjgl-assimp-sources.jar;C:\Users\robat\Documents\Programming\Other-Words-for-Alone-Retro-Edition\dependencies\lwjgl-bgfx.jar;C:\Users\robat\Documents\Programming\Other-Words-for-Alone-Retro-Edition\dependencies\lwjgl-bgfx-javadoc.jar;C:\Users\robat\Documents\Programming\Other-Words-for-Alone-Retro-Edition\dependencies\lwjgl-bgfx-natives-windows.jar;C:\Users\robat\Documents\Programming\Other-Words-for-Alone-Retro-Edition\dependencies\lwjgl-bgfx-sources.jar;C:\Users\robat\Documents\Programming\Other-Words-for-Alone-Retro-Edition\dependencies\lwjgl-egl.jar;C:\Users\robat\Documents\Programming\Other-Words-for-Alone-Retro-Edition\dependencies\lwjgl-egl-javadoc.jar;C:\Users\robat\Documents\Programming\Other-Words-for-Alone-Retro-Edition\dependencies\lwjgl-egl-sources.jar;C:\Users\robat\Documents\Programming\Other-Words-for-Alone-Retro-Edition\dependencies\lwjgl-fmod.jar;C:\Users\robat\Documents\Programming\Other-Words-for-Alone-Retro-Edition\dependencies\lwjgl-fmod-javadoc.jar;C:\Users\robat\Documents\Programming\Other-Words-for-Alone-Retro-Edition\dependencies\lwjgl-fmod-sources.jar;C:\Users\robat\Documents\Programming\Other-Words-for-Alone-Retro-Edition\dependencies\lwjg
Launcher Type: SUN_STANDARD

Environment Variables:
PATH=C:/Users/robat/.p2/pool/plugins/org.eclipse.justj.openjdk.hotspot.jre.full.win32.x86_64_21.0.10.v20260205-0638/jre/bin/server;C:/Users/robat/.p2/pool/plugins/org.eclipse.justj.openjdk.hotspot.jre.full.win32.x86_64_21.0.10.v20260205-0638/jre/bin;C:\Program Files\Common Files\Oracle\Java\javapath;C:\Program Files (x86)\Common Files\Oracle\Java\java8path;C:\Program Files (x86)\Common Files\Oracle\Java\javapath;C:\WINDOWS\system32;C:\WINDOWS;C:\WINDOWS\System32\Wbem;C:\WINDOWS\System32\WindowsPowerShell\v1.0\;C:\WINDOWS\System32\OpenSSH\;C:\Program Files\Git\cmd;C:\Program Files\dotnet\;C:\Program Files\NVIDIA Corporation\NVIDIA App\NvDLISR;C:\Program Files (x86)\NVIDIA Corporation\PhysX\Common;C:\Program Files (x86)\Windows Kits\10\Windows Performance Toolkit\;C:\MinGW\bin;C:\Program Files (x86)\Microsoft ASP.NET\ASP.NET Web Pages\v1.0\;C:\Program Files\Microsoft SQL Server\110\Tools\Binn\;C:\Program Files\Git LFS;C:\Program Files\CMake\bin;C:\Users\robat\AppData\Local\Microsoft\WindowsApps;C:\Users\robat\AppData\Local\Programs\Microsoft VS Code\bin;C:\Users\robat\.local\bin;C:\Users\robat\.dotnet\tools;C:\WINDOWS\System32;
USERNAME=robat
OS=Windows_NT
PROCESSOR_IDENTIFIER=Intel64 Family 6 Model 165 Stepping 5, GenuineIntel



---------------  S Y S T E M  ---------------

OS: Windows 10 , 64 bit Build 19041 (10.0.19041.5915)

CPU:total 20 (initial active 20) (10 cores per cpu, 2 threads per core) family 6 model 165 stepping 5, cmov, cx8, fxsr, mmx, sse, sse2, sse3, ssse3, sse4.1, sse4.2, popcnt, avx, avx2, aes, clmul, erms, 3dnowpref, lzcnt, ht, tsc, tscinvbit, bmi1, bmi2, adx

Memory: 4k page, physical 16675408k(2181288k free), swap 67007056k(4236k free)

vm_info: Java HotSpot(TM) 64-Bit Server VM (25.481-b10) for windows-amd64 JRE (1.8.0_481-b10), built on Dec 18 2025 12:18:00 by "java_re" with MS VC++ 17.6 (VS2022)

time: Fri Mar 13 01:15:17 2026
timezone: US Mountain Standard Time
elapsed time: 0.331403 seconds (0d 0h 0m 0s)

