#
# There is insufficient memory for the Java Runtime Environment to continue.
# Native memory allocation (malloc) failed to allocate 375376 bytes for Chunk::new
# Possible reasons:
#   The system is out of physical RAM or swap space
#   The process is running with CompressedOops enabled, and the Java Heap may be blocking the growth of the native heap
# Possible solutions:
#   Reduce memory load on the system
#   Increase physical memory or swap space
#   Check if swap backing store is full
#   Decrease Java heap size (-Xmx/-Xms)
#   Decrease number of Java threads
#   Decrease Java thread stack sizes (-Xss)
#   Set larger code cache with -XX:ReservedCodeCacheSize=
#   JVM is running with Zero Based Compressed Oops mode in which the Java heap is
#     placed in the first 32GB address space. The Java Heap base address is the
#     maximum limit for the native heap growth. Please use -XX:HeapBaseMinAddress
#     to set the Java Heap base and to place the Java Heap above 32GB virtual address.
# This output file may be truncated or incomplete.
#
#  Out of Memory Error (allocation.cpp:389), pid=15904, tid=0x000000000000b7d0
#
# JRE version: Java(TM) SE Runtime Environment (8.0_481) (build 1.8.0_481-b10)
# Java VM: Java HotSpot(TM) 64-Bit Server VM (25.481-b10 mixed mode windows-amd64 compressed oops)
# Failed to write core dump. Minidumps are not enabled by default on client versions of Windows
#

---------------  T H R E A D  ---------------

Current thread (0x000002882ead0800):  JavaThread "C2 CompilerThread4" daemon [_thread_in_native, id=47056, stack(0x000000a32ec00000,0x000000a32ed00000)]

Stack: [0x000000a32ec00000,0x000000a32ed00000]
Native frames: (J=compiled Java code, j=interpreted, Vv=VM code, C=native code)
V  [jvm.dll+0x34bcb9]


Current CompileTask:
C2:    346  473       4       java.io.WinNTFileSystem::normalize (231 bytes)


---------------  P R O C E S S  ---------------

Java Threads: ( => current thread )
  0x0000028830b20000 JavaThread "Direct Clip" daemon [_thread_blocked, id=62076, stack(0x000000a330100000,0x000000a330200000)]
  0x0000028830b21000 JavaThread "Direct Clip" daemon [_thread_blocked, id=42808, stack(0x000000a330000000,0x000000a330100000)]
  0x0000028830ae9000 JavaThread "Direct Clip" daemon [_thread_blocked, id=25992, stack(0x000000a32ff00000,0x000000a330000000)]
  0x0000028830938000 JavaThread "Direct Clip" daemon [_thread_blocked, id=52296, stack(0x000000a32fe00000,0x000000a32ff00000)]
  0x0000028830918800 JavaThread "Direct Clip" daemon [_thread_blocked, id=44312, stack(0x000000a32fd00000,0x000000a32fe00000)]
  0x000002883092f000 JavaThread "Direct Clip" daemon [_thread_blocked, id=19428, stack(0x000000a32fc00000,0x000000a32fd00000)]
  0x0000028830923800 JavaThread "Java Sound Event Dispatcher" daemon [_thread_blocked, id=61312, stack(0x000000a32f800000,0x000000a32f900000)]
  0x000002882ebae000 JavaThread "Service Thread" daemon [_thread_blocked, id=56528, stack(0x000000a32f400000,0x000000a32f500000)]
  0x000002882eb6f000 JavaThread "C1 CompilerThread11" daemon [_thread_blocked, id=60168, stack(0x000000a32f300000,0x000000a32f400000)]
  0x000002882eb75800 JavaThread "C1 CompilerThread10" daemon [_thread_blocked, id=67828, stack(0x000000a32f200000,0x000000a32f300000)]
  0x000002882eb57800 JavaThread "C1 CompilerThread9" daemon [_thread_blocked, id=48064, stack(0x000000a32f100000,0x000000a32f200000)]
  0x000002882eb2a800 JavaThread "C1 CompilerThread8" daemon [_thread_blocked, id=21128, stack(0x000000a32f000000,0x000000a32f100000)]
  0x000002882eb1a000 JavaThread "C2 CompilerThread7" daemon [_thread_blocked, id=57224, stack(0x000000a32ef00000,0x000000a32f000000)]
  0x000002882eb07000 JavaThread "C2 CompilerThread6" daemon [_thread_blocked, id=70804, stack(0x000000a32ee00000,0x000000a32ef00000)]
  0x000002882eadd000 JavaThread "C2 CompilerThread5" daemon [_thread_blocked, id=60332, stack(0x000000a32ed00000,0x000000a32ee00000)]
=>0x000002882ead0800 JavaThread "C2 CompilerThread4" daemon [_thread_in_native, id=47056, stack(0x000000a32ec00000,0x000000a32ed00000)]
  0x000002882eac7800 JavaThread "C2 CompilerThread3" daemon [_thread_blocked, id=24692, stack(0x000000a32eb00000,0x000000a32ec00000)]
  0x000002882eac1000 JavaThread "C2 CompilerThread2" daemon [_thread_blocked, id=25408, stack(0x000000a32ea00000,0x000000a32eb00000)]
  0x000002882eab8800 JavaThread "C2 CompilerThread1" daemon [_thread_blocked, id=28776, stack(0x000000a32e900000,0x000000a32ea00000)]
  0x000002882eab5000 JavaThread "C2 CompilerThread0" daemon [_thread_blocked, id=3528, stack(0x000000a32e800000,0x000000a32e900000)]
  0x000002882eab4000 JavaThread "Attach Listener" daemon [_thread_blocked, id=59444, stack(0x000000a32e700000,0x000000a32e800000)]
  0x000002882eac0000 JavaThread "Signal Dispatcher" daemon [_thread_blocked, id=53348, stack(0x000000a32e600000,0x000000a32e700000)]
  0x000002882eaa4800 JavaThread "Finalizer" daemon [_thread_blocked, id=54880, stack(0x000000a32e500000,0x000000a32e600000)]
  0x000002882cb47800 JavaThread "Reference Handler" daemon [_thread_blocked, id=53876, stack(0x000000a32e400000,0x000000a32e500000)]
  0x0000028811bed000 JavaThread "main" [_thread_in_native, id=71320, stack(0x000000a32d300000,0x000000a32d400000)]

Other Threads:
  0x000002882ea83800 VMThread [stack: 0x000000a32e300000,0x000000a32e400000] [id=51916]
  0x000002882ecb6800 WatcherThread [stack: 0x000000a32f500000,0x000000a32f600000] [id=49340]

VM state:not at safepoint (normal execution)

VM Mutex/Monitor currently owned by a thread: None

heap address: 0x00000006c1800000, size: 4072 MB, Compressed Oops mode: Zero based, Oop shift amount: 3
Narrow klass base: 0x0000000000000000, Narrow klass shift: 3
Compressed class space size: 1073741824 Address: 0x00000007c0000000

Heap:
 PSYoungGen      total 76288K, used 15802K [0x000000076b300000, 0x0000000770800000, 0x00000007c0000000)
  eden space 65536K, 24% used [0x000000076b300000,0x000000076c26e9a8,0x000000076f300000)
  from space 10752K, 0% used [0x000000076fd80000,0x000000076fd80000,0x0000000770800000)
  to   space 10752K, 0% used [0x000000076f300000,0x000000076f300000,0x000000076fd80000)
 ParOldGen       total 175104K, used 0K [0x00000006c1800000, 0x00000006cc300000, 0x000000076b300000)
  object space 175104K, 0% used [0x00000006c1800000,0x00000006c1800000,0x00000006cc300000)
 Metaspace       used 4282K, capacity 4790K, committed 4992K, reserved 1056768K
  class space    used 491K, capacity 537K, committed 640K, reserved 1048576K

Card table byte_map: [0x0000028822990000,0x0000028823190000] byte_map_base: 0x000002881f384000

Marking Bits: (ParMarkBitMap*) 0x00007ffaf9a6a3e0
 Begin Bits: [0x00000288236e0000, 0x0000028827680000)
 End Bits:   [0x0000028827680000, 0x000002882b620000)

Polling page: 0x0000028811b20000

CodeCache: size=245760Kb used=3965Kb max_used=3967Kb free=241794Kb
 bounds [0x00000288135d0000, 0x00000288139c0000, 0x00000288225d0000]
 total_blobs=767 nmethods=489 adapters=188
 compilation: enabled

Compilation events (10 events):
Event: 0.341 Thread 0x000002882eb75800  478       1       javax.sound.sampled.AudioFormat::isBigEndian (5 bytes)
Event: 0.341 Thread 0x000002882eb75800 nmethod 478 0x00000288139aa610 code [0x00000288139aa760, 0x00000288139aa878]
Event: 0.341 Thread 0x000002882eb57800 nmethod 477 0x00000288139a9710 code [0x00000288139a9940, 0x00000288139aa410]
Event: 0.343 Thread 0x000002882eb6f000  480       3       java.util.LinkedHashMap$LinkedHashIterator::hasNext (13 bytes)
Event: 0.343 Thread 0x000002882eb6f000 nmethod 480 0x00000288139a8f90 code [0x00000288139a90e0, 0x00000288139a9298]
Event: 0.343 Thread 0x000002882eab8800  481       4       java.lang.String::getChars (62 bytes)
Event: 0.343 Thread 0x000002882eb2a800  482       1       sun.misc.URLClassPath$Loader::getBaseURL (5 bytes)
Event: 0.343 Thread 0x000002882eb2a800 nmethod 482 0x00000288139a8cd0 code [0x00000288139a8e20, 0x00000288139a8f38]
Event: 0.343 Thread 0x000002882eab8800 nmethod 481 0x00000288139af6d0 code [0x00000288139af820, 0x00000288139af998]
Event: 0.344 Thread 0x000002882eac1000 nmethod 475 0x00000288139ad6d0 code [0x00000288139ad840, 0x00000288139adc98]

GC Heap History (0 events):
No events

Deoptimization events (3 events):
Event: 0.071 Thread 0x0000028811bed000 Uncommon trap: reason=unstable_if action=reinterpret pc=0x0000028813892060 method=java.lang.String.hashCode()I @ 14
Event: 0.170 Thread 0x0000028811bed000 Uncommon trap: reason=loop_limit_check action=maybe_recompile pc=0x00000288138bb3dc method=java.lang.String.equals(Ljava/lang/Object;)Z @ 56
Event: 0.316 Thread 0x0000028811bed000 Uncommon trap: reason=loop_limit_check action=maybe_recompile pc=0x000002881398cd30 method=java.lang.String.indexOf([CII[CIII)I @ 79

Classes redefined (0 events):
No events

Internal exceptions (6 events):
Event: 0.020 Thread 0x0000028811bed000 Exception <a 'java/lang/NoSuchMethodError': Method sun.misc.Unsafe.defineClass(Ljava/lang/String;[BII)Ljava/lang/Class; name or signature does not match> (0x000000076b307ce0) thrown at [C:\jenkins\workspace\8-2-build-windows-x64-cygwin-sans-NAS\jdk8u481\2
Event: 0.020 Thread 0x0000028811bed000 Exception <a 'java/lang/NoSuchMethodError': Method sun.misc.Unsafe.prefetchRead(Ljava/lang/Object;J)V name or signature does not match> (0x000000076b307fc8) thrown at [C:\jenkins\workspace\8-2-build-windows-x64-cygwin-sans-NAS\jdk8u481\2490\hotspot\src\sh
Event: 0.078 Thread 0x0000028811bed000 Exception <a 'java/security/PrivilegedActionException'> (0x000000076b5a2a08) thrown at [C:\jenkins\workspace\8-2-build-windows-x64-cygwin-sans-NAS\jdk8u481\2490\hotspot\src\share\vm\prims\jvm.cpp, line 1513]
Event: 0.078 Thread 0x0000028811bed000 Exception <a 'java/security/PrivilegedActionException'> (0x000000076b5a2c18) thrown at [C:\jenkins\workspace\8-2-build-windows-x64-cygwin-sans-NAS\jdk8u481\2490\hotspot\src\share\vm\prims\jvm.cpp, line 1513]
Event: 0.161 Thread 0x0000028811bed000 Exception <a 'java/lang/NoSuchFieldError': method resolution failed> (0x000000076bf58050) thrown at [C:\jenkins\workspace\8-2-build-windows-x64-cygwin-sans-NAS\jdk8u481\2490\hotspot\src\share\vm\prims\methodHandles.cpp, line 1184]
Event: 0.162 Thread 0x0000028811bed000 Exception <a 'java/lang/NoSuchFieldError': method resolution failed> (0x000000076bf65bf8) thrown at [C:\jenkins\workspace\8-2-build-windows-x64-cygwin-sans-NAS\jdk8u481\2490\hotspot\src\share\vm\prims\methodHandles.cpp, line 1184]

Events (10 events):
Event: 0.330 Thread 0x000002883092f000 Thread added: 0x000002883092f000
Event: 0.334 Thread 0x0000028830918800 Thread added: 0x0000028830918800
Event: 0.337 Thread 0x0000028830938000 Thread added: 0x0000028830938000
Event: 0.339 Thread 0x0000028830ae9000 Thread added: 0x0000028830ae9000
Event: 0.340 Thread 0x0000028811bed000 DEOPT PACKING pc=0x00000288138c6e0c sp=0x000000a32d3fd620
Event: 0.340 Thread 0x0000028811bed000 DEOPT UNPACKING pc=0x0000028813617918 sp=0x000000a32d3fd498 mode 0
Event: 0.341 Thread 0x0000028811bed000 DEOPT PACKING pc=0x00000288138e20fb sp=0x000000a32d3fd620
Event: 0.341 Thread 0x0000028811bed000 DEOPT UNPACKING pc=0x0000028813617918 sp=0x000000a32d3fd420 mode 0
Event: 0.342 Thread 0x0000028830b21000 Thread added: 0x0000028830b21000
Event: 0.345 Thread 0x0000028830b20000 Thread added: 0x0000028830b20000


Dynamic libraries:
0x00007ff6517f0000 - 0x00007ff65183f000 	C:\Program Files\Java\jre1.8.0_481\bin\javaw.exe
0x00007ffb4e550000 - 0x00007ffb4e748000 	C:\WINDOWS\SYSTEM32\ntdll.dll
0x00007ffb4e130000 - 0x00007ffb4e1f2000 	C:\WINDOWS\System32\KERNEL32.DLL
0x00007ffb4bc10000 - 0x00007ffb4bf06000 	C:\WINDOWS\System32\KERNELBASE.dll
0x00007ffb4c570000 - 0x00007ffb4c621000 	C:\WINDOWS\System32\ADVAPI32.dll
0x00007ffb4dd90000 - 0x00007ffb4de2e000 	C:\WINDOWS\System32\msvcrt.dll
0x00007ffb4cf60000 - 0x00007ffb4cfff000 	C:\WINDOWS\System32\sechost.dll
0x00007ffb4e340000 - 0x00007ffb4e460000 	C:\WINDOWS\System32\RPCRT4.dll
0x00007ffb4bfb0000 - 0x00007ffb4bfd7000 	C:\WINDOWS\System32\bcrypt.dll
0x00007ffb4d000000 - 0x00007ffb4d1a1000 	C:\WINDOWS\System32\USER32.dll
0x00007ffb4bbe0000 - 0x00007ffb4bc02000 	C:\WINDOWS\System32\win32u.dll
0x00007ffb4cec0000 - 0x00007ffb4ceeb000 	C:\WINDOWS\System32\GDI32.dll
0x00007ffb4c090000 - 0x00007ffb4c1a9000 	C:\WINDOWS\System32\gdi32full.dll
0x00007ffb4bf10000 - 0x00007ffb4bfad000 	C:\WINDOWS\System32\msvcp_win.dll
0x00007ffb4c240000 - 0x00007ffb4c340000 	C:\WINDOWS\System32\ucrtbase.dll
0x00007ffb37210000 - 0x00007ffb374ab000 	C:\WINDOWS\WinSxS\amd64_microsoft.windows.common-controls_6595b64144ccf1df_6.0.19041.6456_none_60b8a6cb71f64256\COMCTL32.dll
0x00007ffb4e460000 - 0x00007ffb4e48f000 	C:\WINDOWS\System32\IMM32.DLL
0x00007ffb43250000 - 0x00007ffb4326b000 	C:\Program Files\Java\jre1.8.0_481\bin\vcruntime140.dll
0x00007ffb41830000 - 0x00007ffb4183c000 	C:\Program Files\Java\jre1.8.0_481\bin\vcruntime140_1.dll
0x00007ffb2c5e0000 - 0x00007ffb2c66e000 	C:\Program Files\Java\jre1.8.0_481\bin\msvcp140.dll
0x00007ffaf9290000 - 0x00007ffaf9b3a000 	C:\Program Files\Java\jre1.8.0_481\bin\server\jvm.dll
0x00007ffb4e500000 - 0x00007ffb4e508000 	C:\WINDOWS\System32\PSAPI.DLL
0x00007ffb44420000 - 0x00007ffb4442a000 	C:\WINDOWS\SYSTEM32\VERSION.dll
0x00007ffb43240000 - 0x00007ffb43249000 	C:\WINDOWS\SYSTEM32\WSOCK32.dll
0x00007ffb3bdf0000 - 0x00007ffb3be17000 	C:\WINDOWS\SYSTEM32\WINMM.dll
0x00007ffb4e200000 - 0x00007ffb4e26b000 	C:\WINDOWS\System32\WS2_32.dll
0x00007ffb4a410000 - 0x00007ffb4a422000 	C:\WINDOWS\SYSTEM32\kernel.appcore.dll
0x00007ffb41820000 - 0x00007ffb41830000 	C:\Program Files\Java\jre1.8.0_481\bin\verify.dll
0x00007ffb41560000 - 0x00007ffb4158b000 	C:\Program Files\Java\jre1.8.0_481\bin\java.dll
0x00007ffb414e0000 - 0x00007ffb414f8000 	C:\Program Files\Java\jre1.8.0_481\bin\zip.dll
0x00007ffb4c630000 - 0x00007ffb4cda0000 	C:\WINDOWS\System32\SHELL32.dll
0x00007ffb49c20000 - 0x00007ffb4a3c5000 	C:\WINDOWS\SYSTEM32\windows.storage.dll
0x00007ffb4d310000 - 0x00007ffb4d664000 	C:\WINDOWS\System32\combase.dll
0x00007ffb4b610000 - 0x00007ffb4b63b000 	C:\WINDOWS\SYSTEM32\Wldp.dll
0x00007ffb4e270000 - 0x00007ffb4e33d000 	C:\WINDOWS\System32\OLEAUT32.dll
0x00007ffb4d260000 - 0x00007ffb4d30d000 	C:\WINDOWS\System32\SHCORE.dll
0x00007ffb4dc50000 - 0x00007ffb4dcab000 	C:\WINDOWS\System32\shlwapi.dll
0x00007ffb4bb10000 - 0x00007ffb4bb34000 	C:\WINDOWS\SYSTEM32\profapi.dll
0x00007ffb415c0000 - 0x00007ffb415cd000 	C:\Program Files\Java\jre1.8.0_481\bin\jsound.dll
0x00007ffb41550000 - 0x00007ffb4155d000 	C:\Program Files\Java\jre1.8.0_481\bin\jsoundds.dll
0x00007ffb4e000000 - 0x00007ffb4e12b000 	C:\WINDOWS\System32\ole32.dll
0x00007ffb0afa0000 - 0x00007ffb0b03c000 	C:\WINDOWS\SYSTEM32\DSOUND.dll
0x00007ffb4b3f0000 - 0x00007ffb4b43b000 	C:\WINDOWS\SYSTEM32\powrprof.dll
0x00007ffb2f780000 - 0x00007ffb2f7a6000 	C:\WINDOWS\SYSTEM32\winmmbase.dll
0x00007ffb4b390000 - 0x00007ffb4b3a2000 	C:\WINDOWS\SYSTEM32\UMPDC.dll
0x00007ffb4c1b0000 - 0x00007ffb4c232000 	C:\WINDOWS\System32\bcryptPrimitives.dll
0x00007ffb49200000 - 0x00007ffb4929e000 	C:\WINDOWS\system32\uxtheme.dll
0x00007ffb45ab0000 - 0x00007ffb45b35000 	C:\WINDOWS\SYSTEM32\MMDevAPI.DLL
0x00007ffb4b970000 - 0x00007ffb4b9a3000 	C:\WINDOWS\SYSTEM32\DEVOBJ.dll
0x00007ffb4c340000 - 0x00007ffb4c38e000 	C:\WINDOWS\System32\cfgmgr32.dll
0x00007ffb352d0000 - 0x00007ffb35316000 	C:\WINDOWS\SYSTEM32\wdmaud.drv
0x00007ffb3baf0000 - 0x00007ffb3baf9000 	C:\WINDOWS\SYSTEM32\ksuser.dll
0x00007ffb45280000 - 0x00007ffb4528a000 	C:\WINDOWS\SYSTEM32\AVRT.dll
0x00007ffb45db0000 - 0x00007ffb45f31000 	C:\WINDOWS\SYSTEM32\AUDIOSES.DLL
0x00007ffb3b920000 - 0x00007ffb3b92d000 	C:\WINDOWS\SYSTEM32\msacm32.drv
0x00007ffb1fb10000 - 0x00007ffb1fb2e000 	C:\WINDOWS\SYSTEM32\MSACM32.dll
0x00007ffb3b6d0000 - 0x00007ffb3b6db000 	C:\WINDOWS\SYSTEM32\midimap.dll
0x00007ffb4d1b0000 - 0x00007ffb4d259000 	C:\WINDOWS\System32\clbcatq.dll
0x00007ffb492f0000 - 0x00007ffb49304000 	C:\WINDOWS\SYSTEM32\resourcepolicyclient.dll

VM Arguments:
jvm_args: -Dfile.encoding=UTF-8 -Dstdout.encoding=UTF-8 -Dstderr.encoding=UTF-8 
java_command: robatortas.code.files.project.MainApp
java_class_path (initial): C:\Users\robat\Documents\Programming\Other-Words-for-Alone-Retro-Edition\bin;C:\Users\robat\Documents\Programming\Other-Words-for-Alone-Retro-Edition\res;C:\Users\robat\Documents\Programming\Other-Words-for-Alone-Retro-Edition\discord-files\discord-game-sdk4j-0.5.5.jar;C:\Users\robat\Documents\Programming\Other-Words-for-Alone-Retro-Edition\dependencies\lwjgl.jar;C:\Users\robat\Documents\Programming\Other-Words-for-Alone-Retro-Edition\dependencies\lwjgl-assimp.jar;C:\Users\robat\Documents\Programming\Other-Words-for-Alone-Retro-Edition\dependencies\lwjgl-assimp-javadoc.jar;C:\Users\robat\Documents\Programming\Other-Words-for-Alone-Retro-Edition\dependencies\lwjgl-assimp-natives-windows.jar;C:\Users\robat\Documents\Programming\Other-Words-for-Alone-Retro-Edition\dependencies\lwjgl-assimp-sources.jar;C:\Users\robat\Documents\Programming\Other-Words-for-Alone-Retro-Edition\dependencies\lwjgl-bgfx.jar;C:\Users\robat\Documents\Programming\Other-Words-for-Alone-Retro-Edition\dependencies\lwjgl-bgfx-javadoc.jar;C:\Users\robat\Documents\Programming\Other-Words-for-Alone-Retro-Edition\dependencies\lwjgl-bgfx-natives-windows.jar;C:\Users\robat\Documents\Programming\Other-Words-for-Alone-Retro-Edition\dependencies\lwjgl-bgfx-sources.jar;C:\Users\robat\Documents\Programming\Other-Words-for-Alone-Retro-Edition\dependencies\lwjgl-egl.jar;C:\Users\robat\Documents\Programming\Other-Words-for-Alone-Retro-Edition\dependencies\lwjgl-egl-javadoc.jar;C:\Users\robat\Documents\Programming\Other-Words-for-Alone-Retro-Edition\dependencies\lwjgl-egl-sources.jar;C:\Users\robat\Documents\Programming\Other-Words-for-Alone-Retro-Edition\dependencies\lwjgl-fmod.jar;C:\Users\robat\Documents\Programming\Other-Words-for-Alone-Retro-Edition\dependencies\lwjgl-fmod-javadoc.jar;C:\Users\robat\Documents\Programming\Other-Words-for-Alone-Retro-Edition\dependencies\lwjgl-fmod-sources.jar;C:\Users\robat\Documents\Programming\Other-Words-for-Alone-Retro-Edition\dependencies\lwjg
Launcher Type: SUN_STANDARD

Environment Variables:
PATH=C:/Users/robat/.p2/pool/plugins/org.eclipse.justj.openjdk.hotspot.jre.full.win32.x86_64_21.0.10.v20260205-0638/jre/bin/server;C:/Users/robat/.p2/pool/plugins/org.eclipse.justj.openjdk.hotspot.jre.full.win32.x86_64_21.0.10.v20260205-0638/jre/bin;C:\Program Files\Common Files\Oracle\Java\javapath;C:\Program Files (x86)\Common Files\Oracle\Java\java8path;C:\Program Files (x86)\Common Files\Oracle\Java\javapath;C:\WINDOWS\system32;C:\WINDOWS;C:\WINDOWS\System32\Wbem;C:\WINDOWS\System32\WindowsPowerShell\v1.0\;C:\WINDOWS\System32\OpenSSH\;C:\Program Files\Git\cmd;C:\Program Files\dotnet\;C:\Program Files\NVIDIA Corporation\NVIDIA App\NvDLISR;C:\Program Files (x86)\NVIDIA Corporation\PhysX\Common;C:\Program Files (x86)\Windows Kits\10\Windows Performance Toolkit\;C:\MinGW\bin;C:\Program Files (x86)\Microsoft ASP.NET\ASP.NET Web Pages\v1.0\;C:\Program Files\Microsoft SQL Server\110\Tools\Binn\;C:\Program Files\Git LFS;C:\Program Files\CMake\bin;C:\Users\robat\AppData\Local\Microsoft\WindowsApps;C:\Users\robat\AppData\Local\Programs\Microsoft VS Code\bin;C:\Users\robat\.local\bin;C:\Users\robat\.dotnet\tools;C:\Users\robat\Desktop;
USERNAME=robat
OS=Windows_NT
PROCESSOR_IDENTIFIER=Intel64 Family 6 Model 165 Stepping 5, GenuineIntel



---------------  S Y S T E M  ---------------

OS: Windows 10 , 64 bit Build 19041 (10.0.19041.5915)

CPU:total 20 (initial active 20) (10 cores per cpu, 2 threads per core) family 6 model 165 stepping 5, cmov, cx8, fxsr, mmx, sse, sse2, sse3, ssse3, sse4.1, sse4.2, popcnt, avx, avx2, aes, clmul, erms, 3dnowpref, lzcnt, ht, tsc, tscinvbit, bmi1, bmi2, adx

Memory: 4k page, physical 16675408k(2817312k free), swap 67007056k(132k free)

vm_info: Java HotSpot(TM) 64-Bit Server VM (25.481-b10) for windows-amd64 JRE (1.8.0_481-b10), built on Dec 18 2025 12:18:00 by "java_re" with MS VC++ 17.6 (VS2022)

time: Fri Mar 13 01:09:39 2026
timezone: US Mountain Standard Time
elapsed time: 0.348511 seconds (0d 0h 0m 0s)

